//------------------------------------------------------------------------------
// <auto-generated>
//     This code was generated from a template.
//
//     Manual changes to this file may cause unexpected behavior in your application.
//     Manual changes to this file will be overwritten if the code is regenerated.
// </auto-generated>
//------------------------------------------------------------------------------

namespace infizyon.Ontology
{
    using System;
    using System.Collections.Generic;
    
    public partial class inUF
    {
        public inUF()
        {
            this.specSection = new HashSet<specSection>();
        }
    
        public string uniId { get; set; }
    
        public virtual txtDb txtDb { get; set; }
        public virtual ICollection<specSection> specSection { get; set; }
    }
}
